{"/home/harry/machine-learning/lib/stats/stats.js": {"path":"/home/harry/machine-learning/lib/stats/stats.js","statementMap":{"0":{"start":{"line":2,"column":15},"end":{"line":16,"column":1}},"1":{"start":{"line":3,"column":4},"end":{"line":8,"column":5}},"2":{"start":{"line":4,"column":8},"end":{"line":4,"column":50}},"3":{"start":{"line":6,"column":9},"end":{"line":8,"column":5}},"4":{"start":{"line":6,"column":29},"end":{"line":6,"column":46}},"5":{"start":{"line":7,"column":8},"end":{"line":7,"column":70}},"6":{"start":{"line":9,"column":19},"end":{"line":9,"column":40}},"7":{"start":{"line":9,"column":36},"end":{"line":9,"column":39}},"8":{"start":{"line":10,"column":4},"end":{"line":15,"column":5}},"9":{"start":{"line":11,"column":8},"end":{"line":11,"column":70}},"10":{"start":{"line":14,"column":8},"end":{"line":14,"column":42}},"11":{"start":{"line":18,"column":13},"end":{"line":26,"column":1}},"12":{"start":{"line":19,"column":4},"end":{"line":24,"column":5}},"13":{"start":{"line":20,"column":8},"end":{"line":20,"column":50}},"14":{"start":{"line":22,"column":9},"end":{"line":24,"column":5}},"15":{"start":{"line":22,"column":29},"end":{"line":22,"column":46}},"16":{"start":{"line":23,"column":8},"end":{"line":23,"column":70}},"17":{"start":{"line":25,"column":4},"end":{"line":25,"column":53}},"18":{"start":{"line":25,"column":34},"end":{"line":25,"column":41}},"19":{"start":{"line":28,"column":15},"end":{"line":35,"column":1}},"20":{"start":{"line":29,"column":4},"end":{"line":34,"column":5}},"21":{"start":{"line":30,"column":8},"end":{"line":30,"column":91}},"22":{"start":{"line":30,"column":37},"end":{"line":30,"column":56}},"23":{"start":{"line":33,"column":8},"end":{"line":33,"column":69}},"24":{"start":{"line":37,"column":15},"end":{"line":44,"column":1}},"25":{"start":{"line":38,"column":4},"end":{"line":43,"column":5}},"26":{"start":{"line":39,"column":8},"end":{"line":39,"column":95}},"27":{"start":{"line":39,"column":37},"end":{"line":39,"column":56}},"28":{"start":{"line":42,"column":8},"end":{"line":42,"column":69}},"29":{"start":{"line":46,"column":15},"end":{"line":53,"column":1}},"30":{"start":{"line":47,"column":4},"end":{"line":52,"column":5}},"31":{"start":{"line":48,"column":8},"end":{"line":48,"column":33}},"32":{"start":{"line":51,"column":8},"end":{"line":51,"column":69}},"33":{"start":{"line":55,"column":15},"end":{"line":62,"column":1}},"34":{"start":{"line":56,"column":4},"end":{"line":61,"column":5}},"35":{"start":{"line":57,"column":8},"end":{"line":57,"column":33}},"36":{"start":{"line":60,"column":8},"end":{"line":60,"column":69}},"37":{"start":{"line":64,"column":0},"end":{"line":64,"column":28}},"38":{"start":{"line":66,"column":0},"end":{"line":66,"column":58}}},"fnMap":{"0":{"name":"(anonymous_0)","decl":{"start":{"line":2,"column":15},"end":{"line":2,"column":16}},"loc":{"start":{"line":2,"column":23},"end":{"line":16,"column":1}},"line":2},"1":{"name":"(anonymous_1)","decl":{"start":{"line":6,"column":23},"end":{"line":6,"column":24}},"loc":{"start":{"line":6,"column":29},"end":{"line":6,"column":46}},"line":6},"2":{"name":"(anonymous_2)","decl":{"start":{"line":9,"column":28},"end":{"line":9,"column":29}},"loc":{"start":{"line":9,"column":36},"end":{"line":9,"column":39}},"line":9},"3":{"name":"(anonymous_3)","decl":{"start":{"line":18,"column":13},"end":{"line":18,"column":14}},"loc":{"start":{"line":18,"column":22},"end":{"line":26,"column":1}},"line":18},"4":{"name":"(anonymous_4)","decl":{"start":{"line":22,"column":23},"end":{"line":22,"column":24}},"loc":{"start":{"line":22,"column":29},"end":{"line":22,"column":46}},"line":22},"5":{"name":"(anonymous_5)","decl":{"start":{"line":25,"column":22},"end":{"line":25,"column":23}},"loc":{"start":{"line":25,"column":34},"end":{"line":25,"column":41}},"line":25},"6":{"name":"(anonymous_6)","decl":{"start":{"line":28,"column":15},"end":{"line":28,"column":16}},"loc":{"start":{"line":28,"column":24},"end":{"line":35,"column":1}},"line":28},"7":{"name":"(anonymous_7)","decl":{"start":{"line":30,"column":26},"end":{"line":30,"column":27}},"loc":{"start":{"line":30,"column":37},"end":{"line":30,"column":56}},"line":30},"8":{"name":"(anonymous_8)","decl":{"start":{"line":37,"column":15},"end":{"line":37,"column":16}},"loc":{"start":{"line":37,"column":23},"end":{"line":44,"column":1}},"line":37},"9":{"name":"(anonymous_9)","decl":{"start":{"line":39,"column":26},"end":{"line":39,"column":27}},"loc":{"start":{"line":39,"column":37},"end":{"line":39,"column":56}},"line":39},"10":{"name":"(anonymous_10)","decl":{"start":{"line":46,"column":15},"end":{"line":46,"column":16}},"loc":{"start":{"line":46,"column":24},"end":{"line":53,"column":1}},"line":46},"11":{"name":"(anonymous_11)","decl":{"start":{"line":55,"column":15},"end":{"line":55,"column":16}},"loc":{"start":{"line":55,"column":24},"end":{"line":62,"column":1}},"line":55}},"branchMap":{"0":{"loc":{"start":{"line":3,"column":4},"end":{"line":8,"column":5}},"type":"if","locations":[{"start":{"line":3,"column":4},"end":{"line":8,"column":5}},{"start":{"line":3,"column":4},"end":{"line":8,"column":5}}],"line":3},"1":{"loc":{"start":{"line":6,"column":9},"end":{"line":8,"column":5}},"type":"if","locations":[{"start":{"line":6,"column":9},"end":{"line":8,"column":5}},{"start":{"line":6,"column":9},"end":{"line":8,"column":5}}],"line":6},"2":{"loc":{"start":{"line":10,"column":4},"end":{"line":15,"column":5}},"type":"if","locations":[{"start":{"line":10,"column":4},"end":{"line":15,"column":5}},{"start":{"line":10,"column":4},"end":{"line":15,"column":5}}],"line":10},"3":{"loc":{"start":{"line":19,"column":4},"end":{"line":24,"column":5}},"type":"if","locations":[{"start":{"line":19,"column":4},"end":{"line":24,"column":5}},{"start":{"line":19,"column":4},"end":{"line":24,"column":5}}],"line":19},"4":{"loc":{"start":{"line":22,"column":9},"end":{"line":24,"column":5}},"type":"if","locations":[{"start":{"line":22,"column":9},"end":{"line":24,"column":5}},{"start":{"line":22,"column":9},"end":{"line":24,"column":5}}],"line":22}},"s":{"0":1,"1":5,"2":1,"3":4,"4":17,"5":1,"6":3,"7":16,"8":3,"9":1,"10":2,"11":1,"12":4,"13":1,"14":3,"15":9,"16":1,"17":2,"18":6,"19":1,"20":0,"21":0,"22":0,"23":0,"24":1,"25":0,"26":0,"27":0,"28":0,"29":1,"30":0,"31":0,"32":0,"33":1,"34":0,"35":0,"36":0,"37":1,"38":1},"f":{"0":5,"1":17,"2":16,"3":4,"4":9,"5":6,"6":0,"7":0,"8":0,"9":0,"10":0,"11":0},"b":{"0":[1,4],"1":[1,3],"2":[1,2],"3":[1,3],"4":[1,2]},"_coverageSchema":"43e27e138ebf9cfc5966b082cf9a028302ed4184","hash":"e4e7685bf1d886654192fd03d3638ac4a00c20d4"}
}
