TN:
SF:/home/harry/machine-learning/lib/stats/stats.js
FN:2,(anonymous_0)
FN:6,(anonymous_1)
FN:9,(anonymous_2)
FN:18,(anonymous_3)
FN:22,(anonymous_4)
FN:25,(anonymous_5)
FN:28,(anonymous_6)
FN:30,(anonymous_7)
FN:37,(anonymous_8)
FN:39,(anonymous_9)
FN:46,(anonymous_10)
FN:55,(anonymous_11)
FNF:12
FNH:6
FNDA:5,(anonymous_0)
FNDA:17,(anonymous_1)
FNDA:16,(anonymous_2)
FNDA:4,(anonymous_3)
FNDA:9,(anonymous_4)
FNDA:6,(anonymous_5)
FNDA:0,(anonymous_6)
FNDA:0,(anonymous_7)
FNDA:0,(anonymous_8)
FNDA:0,(anonymous_9)
FNDA:0,(anonymous_10)
FNDA:0,(anonymous_11)
DA:2,1
DA:3,5
DA:4,1
DA:6,17
DA:7,1
DA:9,16
DA:10,3
DA:11,1
DA:14,2
DA:18,1
DA:19,4
DA:20,1
DA:22,9
DA:23,1
DA:25,6
DA:28,1
DA:29,0
DA:30,0
DA:33,0
DA:37,1
DA:38,0
DA:39,0
DA:42,0
DA:46,1
DA:47,0
DA:48,0
DA:51,0
DA:55,1
DA:56,0
DA:57,0
DA:60,0
DA:64,1
DA:66,1
LF:33
LH:21
BRDA:3,0,0,1
BRDA:3,0,1,4
BRDA:6,1,0,1
BRDA:6,1,1,3
BRDA:10,2,0,1
BRDA:10,2,1,2
BRDA:19,3,0,1
BRDA:19,3,1,3
BRDA:22,4,0,1
BRDA:22,4,1,2
BRF:10
BRH:10
end_of_record
